Conta criada. Saldo inicial: R$500.0
Saldo da Pai é500.0
Saldo da Mãe é500.0
Saldo da Filho é500.0
Cliente Pai  ativo.
Cliente Mãe  ativo.
Cliente Filho  ativo.
Filho  sacou R$ 100.0. Saldo após saque: R$400.0
Filho  sacou R$ 100.0. Saldo após saque: R$300.0
Filho  sacou R$ 100.0. Saldo após saque: R$200.0
Filho  sacou R$ 100.0. Saldo após saque: R$100.0
Filho  sacou R$ 100.0. Saldo após saque: R$0.0
Saldo insuficiente para o saque.
Filho  sacou total de R$500.0
Pai  sacou R$ 100.0. Saldo após saque: R$400.0
Mãe  sacou R$ 100.0. Saldo após saque: R$400.0
Mãe  sacou R$ 100.0. Saldo após saque: R$300.0
Mãe  sacou R$ 100.0. Saldo após saque: R$200.0
Mãe  sacou R$ 100.0. Saldo após saque: R$100.0
Mãe  sacou R$ 100.0. Saldo após saque: R$0.0
Saldo insuficiente para o saque.
Mãe  sacou total de R$500.0
Pai  sacou R$ 100.0. Saldo após saque: R$300.0
Pai  sacou R$ 100.0. Saldo após saque: R$200.0
Pai  sacou R$ 100.0. Saldo após saque: R$100.0
Pai  sacou R$ 100.0. Saldo após saque: R$0.0
Saldo insuficiente para o saque.
Pai  sacou total de R$500.0
